<?xml version="1.0" encoding="UTF-8"?>
<testsuite xmlns:xsi="http://www.w3.org/2001/XMLSchema-instance" xsi:noNamespaceSchemaLocation="https://maven.apache.org/surefire/maven-surefire-plugin/xsd/surefire-test-report-3.0.xsd" version="3.0" name="test.com.itexps.CalculatorTest" time="0.876" tests="2" errors="0" skipped="0" failures="0">
  <properties>
    <property name="java.specification.version" value="21"/>
    <property name="sun.cpu.isalist" value="amd64"/>
    <property name="sun.jnu.encoding" value="Cp1252"/>
    <property name="java.class.path" value="C:\Users\itexps\Documents\NetBeansProjects\netbeanproj\target\test-classes;C:\Users\itexps\Documents\NetBeansProjects\netbeanproj\target\classes;C:\Users\itexps\.m2\repository\org\testng\testng\6.8.1\testng-6.8.1.jar;C:\Users\itexps\.m2\repository\junit\junit\4.10\junit-4.10.jar;C:\Users\itexps\.m2\repository\org\hamcrest\hamcrest-core\1.1\hamcrest-core-1.1.jar;C:\Users\itexps\.m2\repository\org\beanshell\bsh\2.0b4\bsh-2.0b4.jar;C:\Users\itexps\.m2\repository\com\beust\jcommander\1.27\jcommander-1.27.jar;C:\Users\itexps\.m2\repository\org\yaml\snakeyaml\1.6\snakeyaml-1.6.jar;"/>
    <property name="java.vm.vendor" value="Oracle Corporation"/>
    <property name="sun.arch.data.model" value="64"/>
    <property name="user.variant" value=""/>
    <property name="java.vendor.url" value="https://java.oracle.com/"/>
    <property name="user.timezone" value="America/Chicago"/>
    <property name="os.name" value="Windows 10"/>
    <property name="java.vm.specification.version" value="21"/>
    <property name="user.country" value="US"/>
    <property name="sun.java.launcher" value="SUN_STANDARD"/>
    <property name="sun.boot.library.path" value="C:\Program Files\Java\jdk-21\bin"/>
    <property name="sun.java.command" value="C:\Users\itexps\AppData\Local\Temp\surefire1640544538964209274\surefirebooter-20250225204449738_3.jar C:\Users\itexps\AppData\Local\Temp\surefire1640544538964209274 2025-02-25T20-44-49_504-jvmRun1 surefire-20250225204449738_1tmp surefire_0-20250225204449738_2tmp"/>
    <property name="jdk.debug" value="release"/>
    <property name="test" value="test.com.itexps.CalculatorTest"/>
    <property name="surefire.test.class.path" value="C:\Users\itexps\Documents\NetBeansProjects\netbeanproj\target\test-classes;C:\Users\itexps\Documents\NetBeansProjects\netbeanproj\target\classes;C:\Users\itexps\.m2\repository\org\testng\testng\6.8.1\testng-6.8.1.jar;C:\Users\itexps\.m2\repository\junit\junit\4.10\junit-4.10.jar;C:\Users\itexps\.m2\repository\org\hamcrest\hamcrest-core\1.1\hamcrest-core-1.1.jar;C:\Users\itexps\.m2\repository\org\beanshell\bsh\2.0b4\bsh-2.0b4.jar;C:\Users\itexps\.m2\repository\com\beust\jcommander\1.27\jcommander-1.27.jar;C:\Users\itexps\.m2\repository\org\yaml\snakeyaml\1.6\snakeyaml-1.6.jar;"/>
    <property name="sun.cpu.endian" value="little"/>
    <property name="user.home" value="C:\Users\itexps"/>
    <property name="user.language" value="en"/>
    <property name="java.specification.vendor" value="Oracle Corporation"/>
    <property name="java.version.date" value="2024-10-15"/>
    <property name="java.home" value="C:\Program Files\Java\jdk-21"/>
    <property name="file.separator" value="\"/>
    <property name="basedir" value="C:\Users\itexps\Documents\NetBeansProjects\netbeanproj"/>
    <property name="java.vm.compressedOopsMode" value="32-bit"/>
    <property name="line.separator" value="&#10;"/>
    <property name="java.vm.specification.vendor" value="Oracle Corporation"/>
    <property name="java.specification.name" value="Java Platform API Specification"/>
    <property name="surefire.real.class.path" value="C:\Users\itexps\AppData\Local\Temp\surefire1640544538964209274\surefirebooter-20250225204449738_3.jar"/>
    <property name="user.script" value=""/>
    <property name="sun.management.compiler" value="HotSpot 64-Bit Tiered Compilers"/>
    <property name="java.runtime.version" value="21.0.5+9-LTS-239"/>
    <property name="user.name" value="itexps"/>
    <property name="stdout.encoding" value="Cp1252"/>
    <property name="path.separator" value=";"/>
    <property name="os.version" value="10.0"/>
    <property name="java.runtime.name" value="Java(TM) SE Runtime Environment"/>
    <property name="file.encoding" value="UTF-8"/>
    <property name="java.vm.name" value="Java HotSpot(TM) 64-Bit Server VM"/>
    <property name="maven.ext.class.path" value="C:\Program Files\NetBeans-20\netbeans\java\maven-nblib\netbeans-eventspy.jar"/>
    <property name="localRepository" value="C:\Users\itexps\.m2\repository"/>
    <property name="java.vendor.url.bug" value="https://bugreport.java.com/bugreport/"/>
    <property name="java.io.tmpdir" value="C:\Users\itexps\AppData\Local\Temp\"/>
    <property name="java.version" value="21.0.5"/>
    <property name="user.dir" value="C:\Users\itexps\Documents\NetBeansProjects\netbeanproj"/>
    <property name="os.arch" value="amd64"/>
    <property name="java.vm.specification.name" value="Java Virtual Machine Specification"/>
    <property name="sun.os.patch.level" value=""/>
    <property name="native.encoding" value="Cp1252"/>
    <property name="java.library.path" value="C:\Program Files\Java\jdk-21\bin;C:\Windows\Sun\Java\bin;C:\Windows\system32;C:\Windows;C:\Program Files\Common Files\Oracle\Java\javapath;C:\Windows\system32;C:\Windows;C:\Windows\System32\Wbem;C:\Windows\System32\WindowsPowerShell\v1.0\;C:\Windows\System32\OpenSSH\;C:\Program Files\PuTTY\;C:\Program Files\dotnet\;C:\Program Files\Amazon\AWSCLIV2\;C:\Program Files\nodejs\;C:\Program Files\Git\cmd;C:\Program Files\Java\jdk-21\bin;C:\apache-maven-3.9.9\bin;C:\Users\itexps\AppData\Local\Programs\Python\Python312\Scripts\;C:\Users\itexps\AppData\Local\Programs\Python\Python312\;C:\Users\itexps\AppData\Local\Microsoft\WindowsApps;C:\Users\itexps\AppData\Local\Programs\Microsoft VS Code\bin;C:\Users\itexps\AppData\Roaming\npm;."/>
    <property name="java.vm.info" value="mixed mode, sharing"/>
    <property name="stderr.encoding" value="Cp1252"/>
    <property name="java.vendor" value="Oracle Corporation"/>
    <property name="java.vm.version" value="21.0.5+9-LTS-239"/>
    <property name="sun.io.unicode.encoding" value="UnicodeLittle"/>
    <property name="java.class.version" value="65.0"/>
  </properties>
  <testcase name="testAdd" classname="test.com.itexps.CalculatorTest" time="0.005"/>
  <testcase name="testMul" classname="test.com.itexps.CalculatorTest" time="0.0"/>
</testsuite>