<?xml version="1.0" encoding="UTF-8"?>
<!-- Generated by org.testng.reporters.JUnitReportReporter -->
<testsuite hostname="DESKTOP-3M83JTE" failures="0" tests="2" name="test.com.itexps.CalculatorTest" time="0.015" errors="0" timestamp="26 Feb 2025 02:44:51 GMT">
  <testcase classname="test.com.itexps.CalculatorTest" name="testAdd" time="0.013"/>
  <testcase classname="test.com.itexps.CalculatorTest" name="testMul" time="0.002"/>
</testsuite> <!-- test.com.itexps.CalculatorTest -->
